{"level":"info","message":"Starting the express app","timestamp":"2018-06-17T07:05:15.273Z"}
{"level":"info","message":"Started the express microservice.","timestamp":"2018-06-17T07:05:15.572Z"}
{"level":"info","message":"Starting the express app","timestamp":"2018-06-17T07:08:37.986Z"}
{"level":"info","message":"Started the express microservice.","timestamp":"2018-06-17T07:08:38.063Z"}
{"level":"info","message":"Starting the express app","timestamp":"2018-06-17T07:10:45.808Z"}
{"level":"info","message":"Started the express microservice.","timestamp":"2018-06-17T07:10:45.890Z"}
{"level":"info","message":"Starting the express app","timestamp":"2018-06-17T08:02:10.237Z"}
{"level":"info","message":"Started the express microservice.","timestamp":"2018-06-17T08:02:10.406Z"}
{"level":"info","message":"Starting the express app","timestamp":"2018-06-17T08:03:53.210Z"}
{"level":"info","message":"Started the express microservice.","timestamp":"2018-06-17T08:03:53.267Z"}
{"level":"info","message":"Starting the express app","timestamp":"2018-06-17T08:05:59.583Z"}
{"level":"info","message":"Started the express microservice.","timestamp":"2018-06-17T08:05:59.642Z"}
{"level":"info","message":"Starting the express app","timestamp":"2018-06-17T08:06:47.106Z"}
{"level":"info","message":"Started the express microservice.","timestamp":"2018-06-17T08:06:47.190Z"}
{"level":"info","message":"Starting the express app","timestamp":"2018-06-17T08:07:18.835Z"}
{"level":"info","message":"Started the express microservice.","timestamp":"2018-06-17T08:07:18.904Z"}
{"level":"info","message":"Starting the express app","timestamp":"2018-06-17T08:12:57.730Z"}
{"level":"info","message":"Started the express microservice.","timestamp":"2018-06-17T08:12:57.830Z"}
{"level":"info","message":"Starting the express app","timestamp":"2018-06-17T08:15:44.190Z"}
{"level":"info","message":"Started the express microservice.","timestamp":"2018-06-17T08:15:44.387Z"}
{"level":"info","message":"Starting the express app","timestamp":"2018-06-17T08:22:44.972Z"}
{"level":"info","message":"Started the express microservice.","timestamp":"2018-06-17T08:22:45.029Z"}
{"level":"info","message":"Starting the express app","timestamp":"2018-06-17T09:14:27.420Z"}
{"level":"info","message":"Started the express microservice.","timestamp":"2018-06-17T09:14:27.471Z"}
{"level":"info","message":"Starting the express app","timestamp":"2018-06-17T09:16:32.207Z"}
{"level":"info","message":"Started the express microservice.","timestamp":"2018-06-17T09:16:32.259Z"}
{"level":"info","message":"Starting the express app","timestamp":"2018-06-17T09:19:31.440Z"}
{"level":"info","message":"Started the express microservice.","timestamp":"2018-06-17T09:19:31.532Z"}
{"level":"info","message":"Starting the express app","timestamp":"2018-06-17T09:21:32.329Z"}
{"level":"info","message":"Started the express microservice.","timestamp":"2018-06-17T09:21:32.383Z"}
{"level":"info","message":"Starting the express app","timestamp":"2018-06-17T09:22:12.973Z"}
{"level":"info","message":"Started the express microservice.","timestamp":"2018-06-17T09:22:13.035Z"}
{"level":"info","message":"Starting the express app","timestamp":"2018-06-17T09:46:12.038Z"}
{"level":"info","message":"Started the express microservice.","timestamp":"2018-06-17T09:46:12.111Z"}
{"message":"Route /users/ failed with error","stack":"TypeError: Cannot read property 'then' of undefined\n    at E:\\Rajesh\\TridentData\\repos\\authserv\\routes\\users.js:18:11\n    at Layer.handle [as handle_request] (E:\\Rajesh\\TridentData\\repos\\authserv\\node_modules\\express\\lib\\router\\layer.js:95:5)\n    at next (E:\\Rajesh\\TridentData\\repos\\authserv\\node_modules\\express\\lib\\router\\route.js:137:13)\n    at Route.dispatch (E:\\Rajesh\\TridentData\\repos\\authserv\\node_modules\\express\\lib\\router\\route.js:112:3)\n    at Layer.handle [as handle_request] (E:\\Rajesh\\TridentData\\repos\\authserv\\node_modules\\express\\lib\\router\\layer.js:95:5)\n    at E:\\Rajesh\\TridentData\\repos\\authserv\\node_modules\\express\\lib\\router\\index.js:281:22\n    at Function.process_params (E:\\Rajesh\\TridentData\\repos\\authserv\\node_modules\\express\\lib\\router\\index.js:335:12)\n    at next (E:\\Rajesh\\TridentData\\repos\\authserv\\node_modules\\express\\lib\\router\\index.js:275:10)\n    at Function.handle (E:\\Rajesh\\TridentData\\repos\\authserv\\node_modules\\express\\lib\\router\\index.js:174:3)\n    at router (E:\\Rajesh\\TridentData\\repos\\authserv\\node_modules\\express\\lib\\router\\index.js:47:12)\n    at Layer.handle [as handle_request] (E:\\Rajesh\\TridentData\\repos\\authserv\\node_modules\\express\\lib\\router\\layer.js:95:5)\n    at trim_prefix (E:\\Rajesh\\TridentData\\repos\\authserv\\node_modules\\express\\lib\\router\\index.js:317:13)\n    at E:\\Rajesh\\TridentData\\repos\\authserv\\node_modules\\express\\lib\\router\\index.js:284:7\n    at Function.process_params (E:\\Rajesh\\TridentData\\repos\\authserv\\node_modules\\express\\lib\\router\\index.js:335:12)\n    at next (E:\\Rajesh\\TridentData\\repos\\authserv\\node_modules\\express\\lib\\router\\index.js:275:10)\n    at Function.handle (E:\\Rajesh\\TridentData\\repos\\authserv\\node_modules\\express\\lib\\router\\index.js:174:3)","level":"error","timestamp":"2018-06-17T09:46:26.031Z"}
{"level":"info","message":"Starting the express app","timestamp":"2018-06-17T09:48:31.509Z"}
{"level":"info","message":"Started the express microservice.","timestamp":"2018-06-17T09:48:31.595Z"}
{"message":"Route /users/ failed with error","stack":"TypeError: Cannot read property 'then' of undefined\n    at E:\\Rajesh\\TridentData\\repos\\authserv\\routes\\users.js:18:11\n    at Layer.handle [as handle_request] (E:\\Rajesh\\TridentData\\repos\\authserv\\node_modules\\express\\lib\\router\\layer.js:95:5)\n    at next (E:\\Rajesh\\TridentData\\repos\\authserv\\node_modules\\express\\lib\\router\\route.js:137:13)\n    at Route.dispatch (E:\\Rajesh\\TridentData\\repos\\authserv\\node_modules\\express\\lib\\router\\route.js:112:3)\n    at Layer.handle [as handle_request] (E:\\Rajesh\\TridentData\\repos\\authserv\\node_modules\\express\\lib\\router\\layer.js:95:5)\n    at E:\\Rajesh\\TridentData\\repos\\authserv\\node_modules\\express\\lib\\router\\index.js:281:22\n    at Function.process_params (E:\\Rajesh\\TridentData\\repos\\authserv\\node_modules\\express\\lib\\router\\index.js:335:12)\n    at next (E:\\Rajesh\\TridentData\\repos\\authserv\\node_modules\\express\\lib\\router\\index.js:275:10)\n    at Function.handle (E:\\Rajesh\\TridentData\\repos\\authserv\\node_modules\\express\\lib\\router\\index.js:174:3)\n    at router (E:\\Rajesh\\TridentData\\repos\\authserv\\node_modules\\express\\lib\\router\\index.js:47:12)\n    at Layer.handle [as handle_request] (E:\\Rajesh\\TridentData\\repos\\authserv\\node_modules\\express\\lib\\router\\layer.js:95:5)\n    at trim_prefix (E:\\Rajesh\\TridentData\\repos\\authserv\\node_modules\\express\\lib\\router\\index.js:317:13)\n    at E:\\Rajesh\\TridentData\\repos\\authserv\\node_modules\\express\\lib\\router\\index.js:284:7\n    at Function.process_params (E:\\Rajesh\\TridentData\\repos\\authserv\\node_modules\\express\\lib\\router\\index.js:335:12)\n    at next (E:\\Rajesh\\TridentData\\repos\\authserv\\node_modules\\express\\lib\\router\\index.js:275:10)\n    at Function.handle (E:\\Rajesh\\TridentData\\repos\\authserv\\node_modules\\express\\lib\\router\\index.js:174:3)","level":"error","timestamp":"2018-06-17T09:48:35.878Z"}
{"level":"info","message":"Starting the express app","timestamp":"2018-06-17T09:50:32.024Z"}
{"level":"info","message":"Started the express microservice.","timestamp":"2018-06-17T09:50:32.098Z"}
{"message":"Route /users/ failed with error","stack":"TypeError: Cannot read property 'then' of undefined\n    at E:\\Rajesh\\TridentData\\repos\\authserv\\routes\\users.js:18:11\n    at Layer.handle [as handle_request] (E:\\Rajesh\\TridentData\\repos\\authserv\\node_modules\\express\\lib\\router\\layer.js:95:5)\n    at next (E:\\Rajesh\\TridentData\\repos\\authserv\\node_modules\\express\\lib\\router\\route.js:137:13)\n    at Route.dispatch (E:\\Rajesh\\TridentData\\repos\\authserv\\node_modules\\express\\lib\\router\\route.js:112:3)\n    at Layer.handle [as handle_request] (E:\\Rajesh\\TridentData\\repos\\authserv\\node_modules\\express\\lib\\router\\layer.js:95:5)\n    at E:\\Rajesh\\TridentData\\repos\\authserv\\node_modules\\express\\lib\\router\\index.js:281:22\n    at Function.process_params (E:\\Rajesh\\TridentData\\repos\\authserv\\node_modules\\express\\lib\\router\\index.js:335:12)\n    at next (E:\\Rajesh\\TridentData\\repos\\authserv\\node_modules\\express\\lib\\router\\index.js:275:10)\n    at Function.handle (E:\\Rajesh\\TridentData\\repos\\authserv\\node_modules\\express\\lib\\router\\index.js:174:3)\n    at router (E:\\Rajesh\\TridentData\\repos\\authserv\\node_modules\\express\\lib\\router\\index.js:47:12)\n    at Layer.handle [as handle_request] (E:\\Rajesh\\TridentData\\repos\\authserv\\node_modules\\express\\lib\\router\\layer.js:95:5)\n    at trim_prefix (E:\\Rajesh\\TridentData\\repos\\authserv\\node_modules\\express\\lib\\router\\index.js:317:13)\n    at E:\\Rajesh\\TridentData\\repos\\authserv\\node_modules\\express\\lib\\router\\index.js:284:7\n    at Function.process_params (E:\\Rajesh\\TridentData\\repos\\authserv\\node_modules\\express\\lib\\router\\index.js:335:12)\n    at next (E:\\Rajesh\\TridentData\\repos\\authserv\\node_modules\\express\\lib\\router\\index.js:275:10)\n    at Function.handle (E:\\Rajesh\\TridentData\\repos\\authserv\\node_modules\\express\\lib\\router\\index.js:174:3)","level":"error","timestamp":"2018-06-17T09:50:40.295Z"}
{"level":"info","message":"Starting the express app","timestamp":"2018-06-17T09:52:36.259Z"}
{"level":"info","message":"Started the express microservice.","timestamp":"2018-06-17T09:52:36.339Z"}
{"message":"Route /users/ failed with error","stack":"TypeError: Cannot read property 'then' of undefined\n    at E:\\Rajesh\\TridentData\\repos\\authserv\\routes\\users.js:18:11\n    at Layer.handle [as handle_request] (E:\\Rajesh\\TridentData\\repos\\authserv\\node_modules\\express\\lib\\router\\layer.js:95:5)\n    at next (E:\\Rajesh\\TridentData\\repos\\authserv\\node_modules\\express\\lib\\router\\route.js:137:13)\n    at Route.dispatch (E:\\Rajesh\\TridentData\\repos\\authserv\\node_modules\\express\\lib\\router\\route.js:112:3)\n    at Layer.handle [as handle_request] (E:\\Rajesh\\TridentData\\repos\\authserv\\node_modules\\express\\lib\\router\\layer.js:95:5)\n    at E:\\Rajesh\\TridentData\\repos\\authserv\\node_modules\\express\\lib\\router\\index.js:281:22\n    at Function.process_params (E:\\Rajesh\\TridentData\\repos\\authserv\\node_modules\\express\\lib\\router\\index.js:335:12)\n    at next (E:\\Rajesh\\TridentData\\repos\\authserv\\node_modules\\express\\lib\\router\\index.js:275:10)\n    at Function.handle (E:\\Rajesh\\TridentData\\repos\\authserv\\node_modules\\express\\lib\\router\\index.js:174:3)\n    at router (E:\\Rajesh\\TridentData\\repos\\authserv\\node_modules\\express\\lib\\router\\index.js:47:12)\n    at Layer.handle [as handle_request] (E:\\Rajesh\\TridentData\\repos\\authserv\\node_modules\\express\\lib\\router\\layer.js:95:5)\n    at trim_prefix (E:\\Rajesh\\TridentData\\repos\\authserv\\node_modules\\express\\lib\\router\\index.js:317:13)\n    at E:\\Rajesh\\TridentData\\repos\\authserv\\node_modules\\express\\lib\\router\\index.js:284:7\n    at Function.process_params (E:\\Rajesh\\TridentData\\repos\\authserv\\node_modules\\express\\lib\\router\\index.js:335:12)\n    at next (E:\\Rajesh\\TridentData\\repos\\authserv\\node_modules\\express\\lib\\router\\index.js:275:10)\n    at Function.handle (E:\\Rajesh\\TridentData\\repos\\authserv\\node_modules\\express\\lib\\router\\index.js:174:3)","level":"error","timestamp":"2018-06-17T09:52:41.955Z"}
{"level":"info","message":"Starting the express app","timestamp":"2018-06-17T09:56:11.325Z"}
{"level":"info","message":"Started the express microservice.","timestamp":"2018-06-17T09:56:11.385Z"}
{"message":"Route /users/ failed with error","stack":"TypeError: Cannot read property 'then' of undefined\n    at E:\\Rajesh\\TridentData\\repos\\authserv\\routes\\users.js:18:11\n    at Layer.handle [as handle_request] (E:\\Rajesh\\TridentData\\repos\\authserv\\node_modules\\express\\lib\\router\\layer.js:95:5)\n    at next (E:\\Rajesh\\TridentData\\repos\\authserv\\node_modules\\express\\lib\\router\\route.js:137:13)\n    at Route.dispatch (E:\\Rajesh\\TridentData\\repos\\authserv\\node_modules\\express\\lib\\router\\route.js:112:3)\n    at Layer.handle [as handle_request] (E:\\Rajesh\\TridentData\\repos\\authserv\\node_modules\\express\\lib\\router\\layer.js:95:5)\n    at E:\\Rajesh\\TridentData\\repos\\authserv\\node_modules\\express\\lib\\router\\index.js:281:22\n    at Function.process_params (E:\\Rajesh\\TridentData\\repos\\authserv\\node_modules\\express\\lib\\router\\index.js:335:12)\n    at next (E:\\Rajesh\\TridentData\\repos\\authserv\\node_modules\\express\\lib\\router\\index.js:275:10)\n    at Function.handle (E:\\Rajesh\\TridentData\\repos\\authserv\\node_modules\\express\\lib\\router\\index.js:174:3)\n    at router (E:\\Rajesh\\TridentData\\repos\\authserv\\node_modules\\express\\lib\\router\\index.js:47:12)\n    at Layer.handle [as handle_request] (E:\\Rajesh\\TridentData\\repos\\authserv\\node_modules\\express\\lib\\router\\layer.js:95:5)\n    at trim_prefix (E:\\Rajesh\\TridentData\\repos\\authserv\\node_modules\\express\\lib\\router\\index.js:317:13)\n    at E:\\Rajesh\\TridentData\\repos\\authserv\\node_modules\\express\\lib\\router\\index.js:284:7\n    at Function.process_params (E:\\Rajesh\\TridentData\\repos\\authserv\\node_modules\\express\\lib\\router\\index.js:335:12)\n    at next (E:\\Rajesh\\TridentData\\repos\\authserv\\node_modules\\express\\lib\\router\\index.js:275:10)\n    at Function.handle (E:\\Rajesh\\TridentData\\repos\\authserv\\node_modules\\express\\lib\\router\\index.js:174:3)","level":"error","timestamp":"2018-06-17T09:56:16.003Z"}
{"level":"info","message":"Starting the express app","timestamp":"2018-06-17T10:00:09.490Z"}
{"level":"info","message":"Started the express microservice.","timestamp":"2018-06-17T10:00:09.576Z"}
{"message":"Route /users/ failed with error","stack":"TypeError: Cannot read property 'then' of undefined\n    at E:\\Rajesh\\TridentData\\repos\\authserv\\routes\\users.js:18:17\n    at Layer.handle [as handle_request] (E:\\Rajesh\\TridentData\\repos\\authserv\\node_modules\\express\\lib\\router\\layer.js:95:5)\n    at next (E:\\Rajesh\\TridentData\\repos\\authserv\\node_modules\\express\\lib\\router\\route.js:137:13)\n    at Route.dispatch (E:\\Rajesh\\TridentData\\repos\\authserv\\node_modules\\express\\lib\\router\\route.js:112:3)\n    at Layer.handle [as handle_request] (E:\\Rajesh\\TridentData\\repos\\authserv\\node_modules\\express\\lib\\router\\layer.js:95:5)\n    at E:\\Rajesh\\TridentData\\repos\\authserv\\node_modules\\express\\lib\\router\\index.js:281:22\n    at Function.process_params (E:\\Rajesh\\TridentData\\repos\\authserv\\node_modules\\express\\lib\\router\\index.js:335:12)\n    at next (E:\\Rajesh\\TridentData\\repos\\authserv\\node_modules\\express\\lib\\router\\index.js:275:10)\n    at Function.handle (E:\\Rajesh\\TridentData\\repos\\authserv\\node_modules\\express\\lib\\router\\index.js:174:3)\n    at router (E:\\Rajesh\\TridentData\\repos\\authserv\\node_modules\\express\\lib\\router\\index.js:47:12)\n    at Layer.handle [as handle_request] (E:\\Rajesh\\TridentData\\repos\\authserv\\node_modules\\express\\lib\\router\\layer.js:95:5)\n    at trim_prefix (E:\\Rajesh\\TridentData\\repos\\authserv\\node_modules\\express\\lib\\router\\index.js:317:13)\n    at E:\\Rajesh\\TridentData\\repos\\authserv\\node_modules\\express\\lib\\router\\index.js:284:7\n    at Function.process_params (E:\\Rajesh\\TridentData\\repos\\authserv\\node_modules\\express\\lib\\router\\index.js:335:12)\n    at next (E:\\Rajesh\\TridentData\\repos\\authserv\\node_modules\\express\\lib\\router\\index.js:275:10)\n    at Function.handle (E:\\Rajesh\\TridentData\\repos\\authserv\\node_modules\\express\\lib\\router\\index.js:174:3)","level":"error","timestamp":"2018-06-17T10:00:22.685Z"}
{"level":"info","message":"Starting the express app","timestamp":"2018-06-17T10:03:20.239Z"}
{"level":"info","message":"Started the express microservice.","timestamp":"2018-06-17T10:03:20.349Z"}
{"level":"info","message":"Starting the express app","timestamp":"2018-06-17T10:05:07.095Z"}
{"level":"info","message":"Started the express microservice.","timestamp":"2018-06-17T10:05:07.151Z"}
{"level":"info","message":"Starting the express app","timestamp":"2018-06-17T10:08:48.533Z"}
{"level":"info","message":"Started the express microservice.","timestamp":"2018-06-17T10:08:48.616Z"}
{"level":"info","message":"Starting the express app","timestamp":"2018-06-17T10:11:31.671Z"}
{"level":"info","message":"Started the express microservice.","timestamp":"2018-06-17T10:11:31.748Z"}
{"level":"info","message":"Starting the express app","timestamp":"2018-06-17T10:13:13.259Z"}
{"level":"info","message":"Started the express microservice.","timestamp":"2018-06-17T10:13:13.317Z"}
{"level":"info","message":"Starting the express app","timestamp":"2018-06-17T10:15:03.919Z"}
{"level":"info","message":"Started the express microservice.","timestamp":"2018-06-17T10:15:04.014Z"}
{"message":"Route /users/ failed with error","stack":"TypeError: Converting circular structure to JSON\n    at JSON.stringify (<anonymous>)\n    at stringify (E:\\Rajesh\\TridentData\\repos\\authserv\\node_modules\\express\\lib\\response.js:1119:12)\n    at ServerResponse.json (E:\\Rajesh\\TridentData\\repos\\authserv\\node_modules\\express\\lib\\response.js:260:14)\n    at ServerResponse.send (E:\\Rajesh\\TridentData\\repos\\authserv\\node_modules\\express\\lib\\response.js:158:21)\n    at E:\\Rajesh\\TridentData\\repos\\authserv\\routes\\users.js:17:13\n    at Layer.handle [as handle_request] (E:\\Rajesh\\TridentData\\repos\\authserv\\node_modules\\express\\lib\\router\\layer.js:95:5)\n    at next (E:\\Rajesh\\TridentData\\repos\\authserv\\node_modules\\express\\lib\\router\\route.js:137:13)\n    at Route.dispatch (E:\\Rajesh\\TridentData\\repos\\authserv\\node_modules\\express\\lib\\router\\route.js:112:3)\n    at Layer.handle [as handle_request] (E:\\Rajesh\\TridentData\\repos\\authserv\\node_modules\\express\\lib\\router\\layer.js:95:5)\n    at E:\\Rajesh\\TridentData\\repos\\authserv\\node_modules\\express\\lib\\router\\index.js:281:22\n    at Function.process_params (E:\\Rajesh\\TridentData\\repos\\authserv\\node_modules\\express\\lib\\router\\index.js:335:12)\n    at next (E:\\Rajesh\\TridentData\\repos\\authserv\\node_modules\\express\\lib\\router\\index.js:275:10)\n    at Function.handle (E:\\Rajesh\\TridentData\\repos\\authserv\\node_modules\\express\\lib\\router\\index.js:174:3)\n    at router (E:\\Rajesh\\TridentData\\repos\\authserv\\node_modules\\express\\lib\\router\\index.js:47:12)\n    at Layer.handle [as handle_request] (E:\\Rajesh\\TridentData\\repos\\authserv\\node_modules\\express\\lib\\router\\layer.js:95:5)\n    at trim_prefix (E:\\Rajesh\\TridentData\\repos\\authserv\\node_modules\\express\\lib\\router\\index.js:317:13)","level":"error","timestamp":"2018-06-17T10:15:07.753Z"}
{"level":"info","message":"Starting the express app","timestamp":"2018-06-17T10:15:48.164Z"}
{"level":"info","message":"Started the express microservice.","timestamp":"2018-06-17T10:15:48.227Z"}
{"message":"Route /users/ failed with error","stack":"TypeError: Converting circular structure to JSON\n    at JSON.stringify (<anonymous>)\n    at stringify (E:\\Rajesh\\TridentData\\repos\\authserv\\node_modules\\express\\lib\\response.js:1119:12)\n    at ServerResponse.json (E:\\Rajesh\\TridentData\\repos\\authserv\\node_modules\\express\\lib\\response.js:260:14)\n    at E:\\Rajesh\\TridentData\\repos\\authserv\\routes\\users.js:17:13\n    at Layer.handle [as handle_request] (E:\\Rajesh\\TridentData\\repos\\authserv\\node_modules\\express\\lib\\router\\layer.js:95:5)\n    at next (E:\\Rajesh\\TridentData\\repos\\authserv\\node_modules\\express\\lib\\router\\route.js:137:13)\n    at Route.dispatch (E:\\Rajesh\\TridentData\\repos\\authserv\\node_modules\\express\\lib\\router\\route.js:112:3)\n    at Layer.handle [as handle_request] (E:\\Rajesh\\TridentData\\repos\\authserv\\node_modules\\express\\lib\\router\\layer.js:95:5)\n    at E:\\Rajesh\\TridentData\\repos\\authserv\\node_modules\\express\\lib\\router\\index.js:281:22\n    at Function.process_params (E:\\Rajesh\\TridentData\\repos\\authserv\\node_modules\\express\\lib\\router\\index.js:335:12)\n    at next (E:\\Rajesh\\TridentData\\repos\\authserv\\node_modules\\express\\lib\\router\\index.js:275:10)\n    at Function.handle (E:\\Rajesh\\TridentData\\repos\\authserv\\node_modules\\express\\lib\\router\\index.js:174:3)\n    at router (E:\\Rajesh\\TridentData\\repos\\authserv\\node_modules\\express\\lib\\router\\index.js:47:12)\n    at Layer.handle [as handle_request] (E:\\Rajesh\\TridentData\\repos\\authserv\\node_modules\\express\\lib\\router\\layer.js:95:5)\n    at trim_prefix (E:\\Rajesh\\TridentData\\repos\\authserv\\node_modules\\express\\lib\\router\\index.js:317:13)\n    at E:\\Rajesh\\TridentData\\repos\\authserv\\node_modules\\express\\lib\\router\\index.js:284:7","level":"error","timestamp":"2018-06-17T10:15:50.096Z"}
{"level":"info","message":"Starting the express app","timestamp":"2018-06-17T10:21:33.216Z"}
{"level":"info","message":"Started the express microservice.","timestamp":"2018-06-17T10:21:33.320Z"}
{"level":"info","message":"Starting the express app","timestamp":"2018-06-17T10:22:24.993Z"}
{"level":"info","message":"Started the express microservice.","timestamp":"2018-06-17T10:22:25.097Z"}
{"level":"info","message":"Starting the express app","timestamp":"2018-06-17T10:23:00.150Z"}
{"level":"info","message":"Started the express microservice.","timestamp":"2018-06-17T10:23:00.232Z"}
{"level":"info","message":"Starting the express app","timestamp":"2018-06-17T10:23:35.787Z"}
{"level":"info","message":"Started the express microservice.","timestamp":"2018-06-17T10:23:35.865Z"}
{"level":"info","message":"Starting the express app","timestamp":"2018-06-17T10:26:05.352Z"}
{"level":"info","message":"Started the express microservice.","timestamp":"2018-06-17T10:26:05.435Z"}
{"level":"info","message":"Starting the express app","timestamp":"2018-06-17T10:28:44.640Z"}
{"level":"info","message":"Started the express microservice.","timestamp":"2018-06-17T10:28:44.735Z"}
{"level":"info","message":"Starting the express app","timestamp":"2018-06-17T10:29:26.425Z"}
{"level":"info","message":"Started the express microservice.","timestamp":"2018-06-17T10:29:26.513Z"}
{"level":"info","message":"Starting the express app","timestamp":"2018-06-17T10:35:27.744Z"}
{"level":"info","message":"Started the express microservice.","timestamp":"2018-06-17T10:35:27.813Z"}
{"level":"info","message":"Starting the express app","timestamp":"2018-06-17T10:36:17.614Z"}
{"level":"info","message":"Started the express microservice.","timestamp":"2018-06-17T10:36:17.692Z"}
{"level":"info","message":"Starting the express app","timestamp":"2018-06-17T10:37:13.040Z"}
{"level":"info","message":"Started the express microservice.","timestamp":"2018-06-17T10:37:13.173Z"}
{"level":"info","message":"Starting the express app","timestamp":"2018-06-17T10:42:03.685Z"}
{"level":"info","message":"Started the express microservice.","timestamp":"2018-06-17T10:42:03.754Z"}
{"level":"info","message":"Starting the express app","timestamp":"2018-06-17T10:43:39.550Z"}
{"level":"info","message":"Started the express microservice.","timestamp":"2018-06-17T10:43:39.666Z"}
{"level":"info","message":"Starting the express app","timestamp":"2018-06-17T10:47:39.194Z"}
{"level":"info","message":"Started the express microservice.","timestamp":"2018-06-17T10:47:39.248Z"}
{"level":"info","message":"Starting the express app","timestamp":"2018-06-17T10:48:04.555Z"}
{"level":"info","message":"Started the express microservice.","timestamp":"2018-06-17T10:48:04.627Z"}
