{"level":"info","message":"Starting the express app","timestamp":"2018-06-23T09:54:35.844Z"}
{"level":"info","message":"Started the express microservice.","timestamp":"2018-06-23T09:54:36.123Z"}
{"level":"info","message":"Starting the express app","timestamp":"2018-06-23T10:14:38.108Z"}
{"level":"info","message":"Started the express microservice.","timestamp":"2018-06-23T10:14:38.369Z"}
{"level":"info","message":"Starting the express app","timestamp":"2018-06-23T10:14:46.480Z"}
{"level":"info","message":"Started the express microservice.","timestamp":"2018-06-23T10:14:46.530Z"}
{"level":"info","message":"Starting the express app","timestamp":"2018-06-23T10:16:59.225Z"}
{"level":"info","message":"Started the express microservice.","timestamp":"2018-06-23T10:16:59.304Z"}
{"level":"info","message":"Starting the express app","timestamp":"2018-06-23T10:19:13.792Z"}
{"level":"info","message":"Started the express microservice.","timestamp":"2018-06-23T10:19:13.870Z"}
{"level":"info","message":"Starting the express app","timestamp":"2018-06-23T10:31:34.062Z"}
{"level":"info","message":"Started the express microservice.","timestamp":"2018-06-23T10:31:34.408Z"}
{"level":"info","message":"Starting the express app","timestamp":"2018-06-23T10:34:02.896Z"}
{"level":"info","message":"Started the express microservice.","timestamp":"2018-06-23T10:34:02.972Z"}
{"level":"info","message":"Starting the express app","timestamp":"2018-06-23T10:39:13.291Z"}
{"level":"info","message":"Started the express microservice.","timestamp":"2018-06-23T10:39:13.417Z"}
{"level":"info","message":"Starting the express app","timestamp":"2018-06-23T10:40:23.664Z"}
{"level":"info","message":"Started the express microservice.","timestamp":"2018-06-23T10:40:23.778Z"}
{"level":"info","message":"Starting the express app","timestamp":"2018-06-23T10:45:58.810Z"}
{"level":"info","message":"Started the express microservice.","timestamp":"2018-06-23T10:45:58.865Z"}
{"level":"info","message":"Starting the express app","timestamp":"2018-06-23T10:59:44.442Z"}
{"level":"info","message":"Started the express microservice.","timestamp":"2018-06-23T10:59:44.521Z"}
{"level":"info","message":"Starting the express app","timestamp":"2018-06-23T11:01:59.852Z"}
{"level":"info","message":"Started the express microservice.","timestamp":"2018-06-23T11:01:59.914Z"}
{"level":"info","message":"Starting the express app","timestamp":"2018-06-23T11:05:10.270Z"}
{"level":"info","message":"Started the express microservice.","timestamp":"2018-06-23T11:05:10.327Z"}
{"level":"info","message":"Starting the express app","timestamp":"2018-06-23T11:06:37.922Z"}
{"level":"info","message":"Started the express microservice.","timestamp":"2018-06-23T11:06:37.987Z"}
{"level":"info","message":"Starting the express app","timestamp":"2018-06-23T11:16:40.420Z"}
{"level":"info","message":"Started the express microservice.","timestamp":"2018-06-23T11:16:40.496Z"}
{"level":"info","message":"Starting the express app","timestamp":"2018-06-23T11:17:54.376Z"}
{"level":"info","message":"Started the express microservice.","timestamp":"2018-06-23T11:17:54.467Z"}
{"level":"info","message":"Starting the express app","timestamp":"2018-06-23T11:22:18.966Z"}
{"level":"info","message":"Started the express microservice.","timestamp":"2018-06-23T11:22:19.056Z"}
{"level":"info","message":"Starting the express app","timestamp":"2018-06-23T11:33:03.059Z"}
{"level":"info","message":"Started the express microservice.","timestamp":"2018-06-23T11:33:03.135Z"}
{"level":"info","message":"Starting the express app","timestamp":"2018-06-23T15:18:46.584Z"}
{"level":"info","message":"Started the express microservice.","timestamp":"2018-06-23T15:18:46.951Z"}
{"level":"info","message":"Starting the express app","timestamp":"2018-06-23T15:23:19.970Z"}
{"level":"info","message":"Started the express microservice.","timestamp":"2018-06-23T15:23:20.045Z"}
{"level":"info","message":"Starting the express app","timestamp":"2018-06-23T15:26:07.838Z"}
{"level":"info","message":"Started the express microservice.","timestamp":"2018-06-23T15:26:07.910Z"}
{"level":"info","message":"Starting the express app","timestamp":"2018-06-23T15:26:12.965Z"}
{"level":"info","message":"Started the express microservice.","timestamp":"2018-06-23T15:26:13.024Z"}
{"message":"Route /users/ failed with error","stack":"TypeError: tokenVerified.then is not a function\n    at E:\\Rajesh\\TridentData\\repos\\authserv\\routes\\users.js:160:23\n    at Layer.handle [as handle_request] (E:\\Rajesh\\TridentData\\repos\\authserv\\node_modules\\express\\lib\\router\\layer.js:95:5)\n    at next (E:\\Rajesh\\TridentData\\repos\\authserv\\node_modules\\express\\lib\\router\\route.js:137:13)\n    at Route.dispatch (E:\\Rajesh\\TridentData\\repos\\authserv\\node_modules\\express\\lib\\router\\route.js:112:3)\n    at Layer.handle [as handle_request] (E:\\Rajesh\\TridentData\\repos\\authserv\\node_modules\\express\\lib\\router\\layer.js:95:5)\n    at E:\\Rajesh\\TridentData\\repos\\authserv\\node_modules\\express\\lib\\router\\index.js:281:22\n    at Function.process_params (E:\\Rajesh\\TridentData\\repos\\authserv\\node_modules\\express\\lib\\router\\index.js:335:12)\n    at next (E:\\Rajesh\\TridentData\\repos\\authserv\\node_modules\\express\\lib\\router\\index.js:275:10)\n    at Function.handle (E:\\Rajesh\\TridentData\\repos\\authserv\\node_modules\\express\\lib\\router\\index.js:174:3)\n    at router (E:\\Rajesh\\TridentData\\repos\\authserv\\node_modules\\express\\lib\\router\\index.js:47:12)\n    at Layer.handle [as handle_request] (E:\\Rajesh\\TridentData\\repos\\authserv\\node_modules\\express\\lib\\router\\layer.js:95:5)\n    at trim_prefix (E:\\Rajesh\\TridentData\\repos\\authserv\\node_modules\\express\\lib\\router\\index.js:317:13)\n    at E:\\Rajesh\\TridentData\\repos\\authserv\\node_modules\\express\\lib\\router\\index.js:284:7\n    at Function.process_params (E:\\Rajesh\\TridentData\\repos\\authserv\\node_modules\\express\\lib\\router\\index.js:335:12)\n    at next (E:\\Rajesh\\TridentData\\repos\\authserv\\node_modules\\express\\lib\\router\\index.js:275:10)\n    at Function.handle (E:\\Rajesh\\TridentData\\repos\\authserv\\node_modules\\express\\lib\\router\\index.js:174:3)","level":"error","timestamp":"2018-06-23T15:26:17.862Z"}
{"message":"Route /users/ failed with error","stack":"TypeError: Cannot read property 'then' of undefined\n    at E:\\Rajesh\\TridentData\\repos\\authserv\\routes\\users.js:160:23\n    at Layer.handle [as handle_request] (E:\\Rajesh\\TridentData\\repos\\authserv\\node_modules\\express\\lib\\router\\layer.js:95:5)\n    at next (E:\\Rajesh\\TridentData\\repos\\authserv\\node_modules\\express\\lib\\router\\route.js:137:13)\n    at Route.dispatch (E:\\Rajesh\\TridentData\\repos\\authserv\\node_modules\\express\\lib\\router\\route.js:112:3)\n    at Layer.handle [as handle_request] (E:\\Rajesh\\TridentData\\repos\\authserv\\node_modules\\express\\lib\\router\\layer.js:95:5)\n    at E:\\Rajesh\\TridentData\\repos\\authserv\\node_modules\\express\\lib\\router\\index.js:281:22\n    at Function.process_params (E:\\Rajesh\\TridentData\\repos\\authserv\\node_modules\\express\\lib\\router\\index.js:335:12)\n    at next (E:\\Rajesh\\TridentData\\repos\\authserv\\node_modules\\express\\lib\\router\\index.js:275:10)\n    at Function.handle (E:\\Rajesh\\TridentData\\repos\\authserv\\node_modules\\express\\lib\\router\\index.js:174:3)\n    at router (E:\\Rajesh\\TridentData\\repos\\authserv\\node_modules\\express\\lib\\router\\index.js:47:12)\n    at Layer.handle [as handle_request] (E:\\Rajesh\\TridentData\\repos\\authserv\\node_modules\\express\\lib\\router\\layer.js:95:5)\n    at trim_prefix (E:\\Rajesh\\TridentData\\repos\\authserv\\node_modules\\express\\lib\\router\\index.js:317:13)\n    at E:\\Rajesh\\TridentData\\repos\\authserv\\node_modules\\express\\lib\\router\\index.js:284:7\n    at Function.process_params (E:\\Rajesh\\TridentData\\repos\\authserv\\node_modules\\express\\lib\\router\\index.js:335:12)\n    at next (E:\\Rajesh\\TridentData\\repos\\authserv\\node_modules\\express\\lib\\router\\index.js:275:10)\n    at Function.handle (E:\\Rajesh\\TridentData\\repos\\authserv\\node_modules\\express\\lib\\router\\index.js:174:3)","level":"error","timestamp":"2018-06-23T15:26:27.230Z"}
{"message":"Route /users/ failed with error","stack":"TypeError: Cannot read property 'then' of undefined\n    at E:\\Rajesh\\TridentData\\repos\\authserv\\routes\\users.js:160:23\n    at Layer.handle [as handle_request] (E:\\Rajesh\\TridentData\\repos\\authserv\\node_modules\\express\\lib\\router\\layer.js:95:5)\n    at next (E:\\Rajesh\\TridentData\\repos\\authserv\\node_modules\\express\\lib\\router\\route.js:137:13)\n    at Route.dispatch (E:\\Rajesh\\TridentData\\repos\\authserv\\node_modules\\express\\lib\\router\\route.js:112:3)\n    at Layer.handle [as handle_request] (E:\\Rajesh\\TridentData\\repos\\authserv\\node_modules\\express\\lib\\router\\layer.js:95:5)\n    at E:\\Rajesh\\TridentData\\repos\\authserv\\node_modules\\express\\lib\\router\\index.js:281:22\n    at Function.process_params (E:\\Rajesh\\TridentData\\repos\\authserv\\node_modules\\express\\lib\\router\\index.js:335:12)\n    at next (E:\\Rajesh\\TridentData\\repos\\authserv\\node_modules\\express\\lib\\router\\index.js:275:10)\n    at Function.handle (E:\\Rajesh\\TridentData\\repos\\authserv\\node_modules\\express\\lib\\router\\index.js:174:3)\n    at router (E:\\Rajesh\\TridentData\\repos\\authserv\\node_modules\\express\\lib\\router\\index.js:47:12)\n    at Layer.handle [as handle_request] (E:\\Rajesh\\TridentData\\repos\\authserv\\node_modules\\express\\lib\\router\\layer.js:95:5)\n    at trim_prefix (E:\\Rajesh\\TridentData\\repos\\authserv\\node_modules\\express\\lib\\router\\index.js:317:13)\n    at E:\\Rajesh\\TridentData\\repos\\authserv\\node_modules\\express\\lib\\router\\index.js:284:7\n    at Function.process_params (E:\\Rajesh\\TridentData\\repos\\authserv\\node_modules\\express\\lib\\router\\index.js:335:12)\n    at next (E:\\Rajesh\\TridentData\\repos\\authserv\\node_modules\\express\\lib\\router\\index.js:275:10)\n    at Function.handle (E:\\Rajesh\\TridentData\\repos\\authserv\\node_modules\\express\\lib\\router\\index.js:174:3)","level":"error","timestamp":"2018-06-23T15:26:44.413Z"}
{"level":"info","message":"Starting the express app","timestamp":"2018-06-23T15:27:29.939Z"}
{"level":"info","message":"Started the express microservice.","timestamp":"2018-06-23T15:27:30.003Z"}
{"message":"Route /users/ failed with error","stack":"TypeError: Cannot read property 'then' of undefined\n    at E:\\Rajesh\\TridentData\\repos\\authserv\\routes\\users.js:160:23\n    at Layer.handle [as handle_request] (E:\\Rajesh\\TridentData\\repos\\authserv\\node_modules\\express\\lib\\router\\layer.js:95:5)\n    at next (E:\\Rajesh\\TridentData\\repos\\authserv\\node_modules\\express\\lib\\router\\route.js:137:13)\n    at Route.dispatch (E:\\Rajesh\\TridentData\\repos\\authserv\\node_modules\\express\\lib\\router\\route.js:112:3)\n    at Layer.handle [as handle_request] (E:\\Rajesh\\TridentData\\repos\\authserv\\node_modules\\express\\lib\\router\\layer.js:95:5)\n    at E:\\Rajesh\\TridentData\\repos\\authserv\\node_modules\\express\\lib\\router\\index.js:281:22\n    at Function.process_params (E:\\Rajesh\\TridentData\\repos\\authserv\\node_modules\\express\\lib\\router\\index.js:335:12)\n    at next (E:\\Rajesh\\TridentData\\repos\\authserv\\node_modules\\express\\lib\\router\\index.js:275:10)\n    at Function.handle (E:\\Rajesh\\TridentData\\repos\\authserv\\node_modules\\express\\lib\\router\\index.js:174:3)\n    at router (E:\\Rajesh\\TridentData\\repos\\authserv\\node_modules\\express\\lib\\router\\index.js:47:12)\n    at Layer.handle [as handle_request] (E:\\Rajesh\\TridentData\\repos\\authserv\\node_modules\\express\\lib\\router\\layer.js:95:5)\n    at trim_prefix (E:\\Rajesh\\TridentData\\repos\\authserv\\node_modules\\express\\lib\\router\\index.js:317:13)\n    at E:\\Rajesh\\TridentData\\repos\\authserv\\node_modules\\express\\lib\\router\\index.js:284:7\n    at Function.process_params (E:\\Rajesh\\TridentData\\repos\\authserv\\node_modules\\express\\lib\\router\\index.js:335:12)\n    at next (E:\\Rajesh\\TridentData\\repos\\authserv\\node_modules\\express\\lib\\router\\index.js:275:10)\n    at Function.handle (E:\\Rajesh\\TridentData\\repos\\authserv\\node_modules\\express\\lib\\router\\index.js:174:3)","level":"error","timestamp":"2018-06-23T15:27:34.751Z"}
{"level":"info","message":"Starting the express app","timestamp":"2018-06-23T15:28:10.239Z"}
{"level":"info","message":"Started the express microservice.","timestamp":"2018-06-23T15:28:10.306Z"}
{"message":"Route /users/ failed with error","stack":"TypeError: Cannot read property 'then' of undefined\n    at E:\\Rajesh\\TridentData\\repos\\authserv\\routes\\users.js:160:23\n    at Layer.handle [as handle_request] (E:\\Rajesh\\TridentData\\repos\\authserv\\node_modules\\express\\lib\\router\\layer.js:95:5)\n    at next (E:\\Rajesh\\TridentData\\repos\\authserv\\node_modules\\express\\lib\\router\\route.js:137:13)\n    at Route.dispatch (E:\\Rajesh\\TridentData\\repos\\authserv\\node_modules\\express\\lib\\router\\route.js:112:3)\n    at Layer.handle [as handle_request] (E:\\Rajesh\\TridentData\\repos\\authserv\\node_modules\\express\\lib\\router\\layer.js:95:5)\n    at E:\\Rajesh\\TridentData\\repos\\authserv\\node_modules\\express\\lib\\router\\index.js:281:22\n    at Function.process_params (E:\\Rajesh\\TridentData\\repos\\authserv\\node_modules\\express\\lib\\router\\index.js:335:12)\n    at next (E:\\Rajesh\\TridentData\\repos\\authserv\\node_modules\\express\\lib\\router\\index.js:275:10)\n    at Function.handle (E:\\Rajesh\\TridentData\\repos\\authserv\\node_modules\\express\\lib\\router\\index.js:174:3)\n    at router (E:\\Rajesh\\TridentData\\repos\\authserv\\node_modules\\express\\lib\\router\\index.js:47:12)\n    at Layer.handle [as handle_request] (E:\\Rajesh\\TridentData\\repos\\authserv\\node_modules\\express\\lib\\router\\layer.js:95:5)\n    at trim_prefix (E:\\Rajesh\\TridentData\\repos\\authserv\\node_modules\\express\\lib\\router\\index.js:317:13)\n    at E:\\Rajesh\\TridentData\\repos\\authserv\\node_modules\\express\\lib\\router\\index.js:284:7\n    at Function.process_params (E:\\Rajesh\\TridentData\\repos\\authserv\\node_modules\\express\\lib\\router\\index.js:335:12)\n    at next (E:\\Rajesh\\TridentData\\repos\\authserv\\node_modules\\express\\lib\\router\\index.js:275:10)\n    at Function.handle (E:\\Rajesh\\TridentData\\repos\\authserv\\node_modules\\express\\lib\\router\\index.js:174:3)","level":"error","timestamp":"2018-06-23T15:28:14.497Z"}
{"level":"info","message":"Starting the express app","timestamp":"2018-06-23T15:29:42.521Z"}
{"level":"info","message":"Started the express microservice.","timestamp":"2018-06-23T15:29:42.587Z"}
{"level":"info","message":"Starting the express app","timestamp":"2018-06-23T15:30:45.742Z"}
{"level":"info","message":"Started the express microservice.","timestamp":"2018-06-23T15:30:45.825Z"}
{"message":"Route /users/ failed with error","stack":"TypeError: Cannot read property 'then' of undefined\n    at E:\\Rajesh\\TridentData\\repos\\authserv\\routes\\users.js:161:23\n    at Layer.handle [as handle_request] (E:\\Rajesh\\TridentData\\repos\\authserv\\node_modules\\express\\lib\\router\\layer.js:95:5)\n    at next (E:\\Rajesh\\TridentData\\repos\\authserv\\node_modules\\express\\lib\\router\\route.js:137:13)\n    at Route.dispatch (E:\\Rajesh\\TridentData\\repos\\authserv\\node_modules\\express\\lib\\router\\route.js:112:3)\n    at Layer.handle [as handle_request] (E:\\Rajesh\\TridentData\\repos\\authserv\\node_modules\\express\\lib\\router\\layer.js:95:5)\n    at E:\\Rajesh\\TridentData\\repos\\authserv\\node_modules\\express\\lib\\router\\index.js:281:22\n    at Function.process_params (E:\\Rajesh\\TridentData\\repos\\authserv\\node_modules\\express\\lib\\router\\index.js:335:12)\n    at next (E:\\Rajesh\\TridentData\\repos\\authserv\\node_modules\\express\\lib\\router\\index.js:275:10)\n    at Function.handle (E:\\Rajesh\\TridentData\\repos\\authserv\\node_modules\\express\\lib\\router\\index.js:174:3)\n    at router (E:\\Rajesh\\TridentData\\repos\\authserv\\node_modules\\express\\lib\\router\\index.js:47:12)\n    at Layer.handle [as handle_request] (E:\\Rajesh\\TridentData\\repos\\authserv\\node_modules\\express\\lib\\router\\layer.js:95:5)\n    at trim_prefix (E:\\Rajesh\\TridentData\\repos\\authserv\\node_modules\\express\\lib\\router\\index.js:317:13)\n    at E:\\Rajesh\\TridentData\\repos\\authserv\\node_modules\\express\\lib\\router\\index.js:284:7\n    at Function.process_params (E:\\Rajesh\\TridentData\\repos\\authserv\\node_modules\\express\\lib\\router\\index.js:335:12)\n    at next (E:\\Rajesh\\TridentData\\repos\\authserv\\node_modules\\express\\lib\\router\\index.js:275:10)\n    at Function.handle (E:\\Rajesh\\TridentData\\repos\\authserv\\node_modules\\express\\lib\\router\\index.js:174:3)","level":"error","timestamp":"2018-06-23T15:30:52.325Z"}
{"level":"info","message":"Starting the express app","timestamp":"2018-06-23T15:32:51.312Z"}
{"level":"info","message":"Started the express microservice.","timestamp":"2018-06-23T15:32:51.389Z"}
{"message":"Route /users/ failed with error","stack":"TypeError: tokenVerified.then is not a function\n    at E:\\Rajesh\\TridentData\\repos\\authserv\\routes\\users.js:161:23\n    at Layer.handle [as handle_request] (E:\\Rajesh\\TridentData\\repos\\authserv\\node_modules\\express\\lib\\router\\layer.js:95:5)\n    at next (E:\\Rajesh\\TridentData\\repos\\authserv\\node_modules\\express\\lib\\router\\route.js:137:13)\n    at Route.dispatch (E:\\Rajesh\\TridentData\\repos\\authserv\\node_modules\\express\\lib\\router\\route.js:112:3)\n    at Layer.handle [as handle_request] (E:\\Rajesh\\TridentData\\repos\\authserv\\node_modules\\express\\lib\\router\\layer.js:95:5)\n    at E:\\Rajesh\\TridentData\\repos\\authserv\\node_modules\\express\\lib\\router\\index.js:281:22\n    at Function.process_params (E:\\Rajesh\\TridentData\\repos\\authserv\\node_modules\\express\\lib\\router\\index.js:335:12)\n    at next (E:\\Rajesh\\TridentData\\repos\\authserv\\node_modules\\express\\lib\\router\\index.js:275:10)\n    at Function.handle (E:\\Rajesh\\TridentData\\repos\\authserv\\node_modules\\express\\lib\\router\\index.js:174:3)\n    at router (E:\\Rajesh\\TridentData\\repos\\authserv\\node_modules\\express\\lib\\router\\index.js:47:12)\n    at Layer.handle [as handle_request] (E:\\Rajesh\\TridentData\\repos\\authserv\\node_modules\\express\\lib\\router\\layer.js:95:5)\n    at trim_prefix (E:\\Rajesh\\TridentData\\repos\\authserv\\node_modules\\express\\lib\\router\\index.js:317:13)\n    at E:\\Rajesh\\TridentData\\repos\\authserv\\node_modules\\express\\lib\\router\\index.js:284:7\n    at Function.process_params (E:\\Rajesh\\TridentData\\repos\\authserv\\node_modules\\express\\lib\\router\\index.js:335:12)\n    at next (E:\\Rajesh\\TridentData\\repos\\authserv\\node_modules\\express\\lib\\router\\index.js:275:10)\n    at Function.handle (E:\\Rajesh\\TridentData\\repos\\authserv\\node_modules\\express\\lib\\router\\index.js:174:3)","level":"error","timestamp":"2018-06-23T15:32:55.931Z"}
{"level":"info","message":"Starting the express app","timestamp":"2018-06-23T15:33:29.283Z"}
{"level":"info","message":"Started the express microservice.","timestamp":"2018-06-23T15:33:29.402Z"}
{"level":"info","message":"Starting the express app","timestamp":"2018-06-23T15:34:06.355Z"}
{"level":"info","message":"Started the express microservice.","timestamp":"2018-06-23T15:34:06.427Z"}
{"level":"info","message":"Starting the express app","timestamp":"2018-06-23T15:34:19.232Z"}
{"level":"info","message":"Started the express microservice.","timestamp":"2018-06-23T15:34:19.363Z"}
{"level":"info","message":"Starting the express app","timestamp":"2018-06-23T15:34:27.650Z"}
{"level":"info","message":"Started the express microservice.","timestamp":"2018-06-23T15:34:27.725Z"}
{"level":"info","message":"Starting the express app","timestamp":"2018-06-23T15:35:29.027Z"}
{"level":"info","message":"Started the express microservice.","timestamp":"2018-06-23T15:35:29.080Z"}
{"level":"info","message":"Starting the express app","timestamp":"2018-06-23T15:35:51.679Z"}
{"level":"info","message":"Started the express microservice.","timestamp":"2018-06-23T15:35:51.764Z"}
{"level":"info","message":"Starting the express app","timestamp":"2018-06-23T15:37:53.513Z"}
{"level":"info","message":"Started the express microservice.","timestamp":"2018-06-23T15:37:53.579Z"}
{"level":"info","message":"Starting the express app","timestamp":"2018-06-23T15:42:37.932Z"}
{"level":"info","message":"Started the express microservice.","timestamp":"2018-06-23T15:42:37.996Z"}
{"level":"info","message":"Starting the express app","timestamp":"2018-06-23T15:43:15.384Z"}
{"level":"info","message":"Started the express microservice.","timestamp":"2018-06-23T15:43:15.447Z"}
{"level":"info","message":"Starting the express app","timestamp":"2018-06-23T15:44:55.899Z"}
{"level":"info","message":"Started the express microservice.","timestamp":"2018-06-23T15:44:56.103Z"}
{"level":"info","message":"Starting the express app","timestamp":"2018-06-23T15:45:19.757Z"}
{"level":"info","message":"Started the express microservice.","timestamp":"2018-06-23T15:45:19.849Z"}
{"level":"error","message":"Failed to authenticate token.","timestamp":"2018-06-23T15:48:18.817Z"}
{"level":"info","message":"Starting the express app","timestamp":"2018-06-23T15:49:32.472Z"}
{"level":"info","message":"Started the express microservice.","timestamp":"2018-06-23T15:49:32.547Z"}
{"level":"info","message":"Starting the express app","timestamp":"2018-06-23T15:52:56.028Z"}
{"level":"info","message":"Started the express microservice.","timestamp":"2018-06-23T15:52:56.093Z"}
{"level":"info","message":"Starting the express app","timestamp":"2018-06-23T18:06:17.417Z"}
{"level":"info","message":"Started the express microservice.","timestamp":"2018-06-23T18:06:17.494Z"}
{"level":"info","message":"Starting the express app","timestamp":"2018-06-23T18:07:49.287Z"}
{"level":"info","message":"Started the express microservice.","timestamp":"2018-06-23T18:07:49.383Z"}
{"level":"info","message":"Starting the express app","timestamp":"2018-06-23T18:08:21.181Z"}
{"level":"info","message":"Started the express microservice.","timestamp":"2018-06-23T18:08:21.242Z"}
{"level":"info","message":"Starting the express app","timestamp":"2018-06-23T18:08:34.002Z"}
{"level":"info","message":"Started the express microservice.","timestamp":"2018-06-23T18:08:34.061Z"}
{"level":"info","message":"Starting the express app","timestamp":"2018-06-23T18:09:36.349Z"}
{"level":"info","message":"Started the express microservice.","timestamp":"2018-06-23T18:09:36.419Z"}
{"level":"info","message":"Starting the express app","timestamp":"2018-06-23T18:11:16.395Z"}
{"level":"info","message":"Started the express microservice.","timestamp":"2018-06-23T18:11:16.493Z"}
{"level":"info","message":"Starting the express app","timestamp":"2018-06-23T18:12:13.229Z"}
{"level":"info","message":"Started the express microservice.","timestamp":"2018-06-23T18:12:13.283Z"}
